<?xml version="1.0" encoding="utf-8"?>
<TestRun>
  <ResultSummary outcome="Failed">
    <Counters total="3" executed="3" passed="2" failed="1" />
  </ResultSummary>
</TestRun>
